2022-06-28 14:33:09,134 INFO: Start
2022-06-28 14:33:09,155 INFO: created path /home/dapu/fs/data/log
2022-06-28 14:33:09,155 INFO: created path /home/dapu/fs/data/igpi
2022-06-28 14:33:09,161 INFO: copy file /media/dapu/380ED1750ED12C9E/Intel/Logs/IntelCpHDCPSvc.log to /home/dapu/fs/data/IntelCpHDCPSvc.log [HASH;d41d8cd98f00b204e9800998ecf8427e]
2022-06-28 14:33:09,162 INFO: copy file /media/dapu/380ED1750ED12C9E/Intel/Logs/IntelCPHS.log to /home/dapu/fs/data/IntelCPHS.log [HASH;d41d8cd98f00b204e9800998ecf8427e]
2022-06-28 14:33:09,163 INFO: copy file /media/dapu/380ED1750ED12C9E/Intel/Logs/IntelGFX.log to /home/dapu/fs/data/IntelGFX.log [HASH;7cea04f679df3fec0a18d982ed97e617]
2022-06-28 14:33:09,163 INFO: copy file /media/dapu/380ED1750ED12C9E/Intel/Logs/IntelGFXCoin.log to /home/dapu/fs/data/IntelGFXCoin.log [HASH;403c2918c3c7113009028a2481dc40db]
2022-06-28 14:33:09,164 INFO: copy file /media/dapu/380ED1750ED12C9E/Intel/Profiles/IntelGraphicsProfiles/Brighten Video.man.igpi to /home/dapu/fs/data/Brighten Video.man.igpi [HASH;1206dbca0b83e4b8d28ea2cb1c8f3e8b]
2022-06-28 14:33:09,165 INFO: copy file /media/dapu/380ED1750ED12C9E/Intel/Profiles/IntelGraphicsProfiles/Darken Video.man.igpi to /home/dapu/fs/data/Darken Video.man.igpi [HASH;426f736f5dae0a2457b56cb803ad00e9]
2022-06-28 14:33:09,166 INFO: copy file /media/dapu/380ED1750ED12C9E/Intel/Profiles/IntelGraphicsProfiles/Enhance Video Colors.man.igpi to /home/dapu/fs/data/Enhance Video Colors.man.igpi [HASH;8a573fc178e23e5ecc553392e51736c5]
2022-06-28 14:33:09,166 INFO: Number of moved/copied files: 7
2022-06-28 14:33:09,166 INFO: Stop
2022-06-28 15:27:20,425 INFO: Start
2022-06-28 15:27:20,427 ERROR: existing target path /home/dapu/fs/data
2022-06-28 15:27:20,427 INFO: Stop
2022-06-28 15:28:15,066 INFO: Start
2022-06-28 15:28:15,074 ERROR: existing target path /home/dapu/fs/data
2022-06-28 15:28:15,074 INFO: Stop
2022-06-28 15:28:38,182 INFO: Start
2022-06-28 15:28:38,187 ERROR: existing target path /home/dapu/fs/data
2022-06-28 15:28:38,187 INFO: Stop
2022-06-28 15:28:43,892 INFO: Start
2022-06-28 15:28:43,898 ERROR: existing target path /home/dapu/fs/data
2022-06-28 15:28:43,898 INFO: Stop
2022-06-28 15:28:46,870 INFO: Start
2022-06-28 15:28:46,875 ERROR: existing target path /home/dapu/fs/data
2022-06-28 15:28:46,875 INFO: Stop
2022-06-28 15:29:20,197 INFO: Start
2022-06-28 15:29:20,207 ERROR: existing target path /home/dapu/fs/data
2022-06-28 15:29:20,207 INFO: Stop
2022-06-28 15:29:24,452 INFO: Start
2022-06-28 15:44:11,633 INFO: Start
2022-06-28 15:44:11,637 ERROR: existing target path /home/dapu/fs/data
2022-06-28 15:44:11,637 INFO: Stop
2022-06-28 15:44:15,277 INFO: Start
2022-06-28 15:44:39,404 INFO: Start
2022-06-28 15:44:39,411 ERROR: existing target path /home/dapu/fs/data
2022-06-28 15:44:39,411 INFO: Stop
2022-06-28 15:44:45,271 INFO: Start
2022-06-28 15:45:17,289 INFO: Start
2022-06-28 15:45:17,294 ERROR: existing target path /home/dapu/fs/data
2022-06-28 15:45:17,295 INFO: Stop
2022-06-28 15:45:20,567 INFO: Start
2022-06-28 16:21:23,436 INFO: Start
2022-06-28 16:21:23,440 ERROR: _get_positional_kwargs() missing 1 required positional argument: 'dest'
2022-06-28 16:21:23,440 INFO: Stop
2022-06-28 16:21:28,757 INFO: Start
2022-06-28 16:21:28,761 ERROR: _get_positional_kwargs() missing 1 required positional argument: 'dest'
2022-06-28 16:21:28,761 INFO: Stop
2022-06-28 16:21:48,818 INFO: Start
2022-06-28 16:21:48,823 ERROR: _get_positional_kwargs() missing 1 required positional argument: 'dest'
2022-06-28 16:21:48,823 INFO: Stop
2022-06-28 16:21:49,932 INFO: Start
2022-06-28 16:21:49,936 ERROR: _get_positional_kwargs() missing 1 required positional argument: 'dest'
2022-06-28 16:21:49,936 INFO: Stop
2022-06-28 16:21:52,837 INFO: Start
2022-06-28 16:21:52,841 ERROR: _get_positional_kwargs() missing 1 required positional argument: 'dest'
2022-06-28 16:21:52,841 INFO: Stop
2022-06-28 16:21:54,183 INFO: Start
2022-06-28 16:21:54,187 ERROR: _get_positional_kwargs() missing 1 required positional argument: 'dest'
2022-06-28 16:21:54,188 INFO: Stop
2022-06-28 16:21:55,322 INFO: Start
2022-06-28 16:21:55,326 ERROR: _get_positional_kwargs() missing 1 required positional argument: 'dest'
2022-06-28 16:21:55,326 INFO: Stop
2022-06-28 16:21:56,276 INFO: Start
2022-06-28 16:21:56,280 ERROR: _get_positional_kwargs() missing 1 required positional argument: 'dest'
2022-06-28 16:21:56,280 INFO: Stop
2022-06-28 16:21:57,271 INFO: Start
2022-06-28 16:21:57,275 ERROR: _get_positional_kwargs() missing 1 required positional argument: 'dest'
2022-06-28 16:21:57,275 INFO: Stop
2022-06-28 16:21:58,460 INFO: Start
2022-06-28 16:21:58,465 ERROR: _get_positional_kwargs() missing 1 required positional argument: 'dest'
2022-06-28 16:21:58,465 INFO: Stop
2022-06-28 16:21:59,339 INFO: Start
2022-06-28 16:21:59,344 ERROR: _get_positional_kwargs() missing 1 required positional argument: 'dest'
2022-06-28 16:21:59,344 INFO: Stop
2022-06-28 16:22:00,118 INFO: Start
2022-06-28 16:22:00,122 ERROR: _get_positional_kwargs() missing 1 required positional argument: 'dest'
2022-06-28 16:22:00,123 INFO: Stop
2022-06-28 16:22:00,954 INFO: Start
2022-06-28 16:22:00,958 ERROR: _get_positional_kwargs() missing 1 required positional argument: 'dest'
2022-06-28 16:22:00,959 INFO: Stop
2022-06-28 16:22:01,762 INFO: Start
2022-06-28 16:22:01,767 ERROR: _get_positional_kwargs() missing 1 required positional argument: 'dest'
2022-06-28 16:22:01,767 INFO: Stop
2022-06-28 16:22:03,024 INFO: Start
2022-06-28 16:22:03,028 ERROR: _get_positional_kwargs() missing 1 required positional argument: 'dest'
2022-06-28 16:22:03,028 INFO: Stop
2022-06-28 16:22:04,024 INFO: Start
2022-06-28 16:22:04,028 ERROR: _get_positional_kwargs() missing 1 required positional argument: 'dest'
2022-06-28 16:22:04,029 INFO: Stop
2022-06-28 16:22:15,348 INFO: Start
2022-06-28 16:22:15,352 ERROR: _get_positional_kwargs() missing 1 required positional argument: 'dest'
2022-06-28 16:22:15,352 INFO: Stop
2022-06-28 16:22:20,166 INFO: Start
2022-06-28 16:22:20,170 ERROR: _get_positional_kwargs() missing 1 required positional argument: 'dest'
2022-06-28 16:22:20,170 INFO: Stop
2022-06-28 16:22:29,847 INFO: Start
2022-06-28 16:22:29,851 ERROR: _get_positional_kwargs() missing 1 required positional argument: 'dest'
2022-06-28 16:22:29,851 INFO: Stop
2022-06-28 16:23:01,527 INFO: Start
2022-06-28 16:23:01,532 ERROR: _get_positional_kwargs() missing 1 required positional argument: 'dest'
2022-06-28 16:23:01,532 INFO: Stop
2022-06-28 16:23:15,201 INFO: Start
2022-06-28 16:23:15,206 ERROR: _get_positional_kwargs() missing 1 required positional argument: 'dest'
2022-06-28 16:23:15,206 INFO: Stop
2022-06-28 16:23:34,438 INFO: Start
2022-06-28 16:23:34,442 ERROR: _get_positional_kwargs() missing 1 required positional argument: 'dest'
2022-06-28 16:23:34,442 INFO: Stop
2022-06-28 18:14:19,714 INFO: Start
2022-06-28 18:14:19,719 ERROR: _get_positional_kwargs() missing 1 required positional argument: 'dest'
2022-06-28 18:14:19,719 INFO: Stop
2022-06-28 18:14:34,213 INFO: Start
2022-06-28 18:14:34,217 ERROR: _get_positional_kwargs() missing 1 required positional argument: 'dest'
2022-06-28 18:14:34,218 INFO: Stop
2022-06-28 18:15:26,322 INFO: Start
2022-06-28 18:15:26,341 ERROR: existing target path /home/dapu/fs/data
2022-06-28 18:15:26,341 INFO: Stop
2022-06-28 18:19:51,701 INFO: Start
2022-06-28 18:19:51,708 INFO: !!! DRYRUN !!!
2022-06-28 18:19:51,709 ERROR: existing target path /home/dapu/fs/data
2022-06-28 18:19:51,710 INFO: !!! DRYRUN !!!
2022-06-28 18:19:51,710 INFO: Stop
2022-06-28 18:20:12,200 INFO: Start
2022-06-28 18:20:12,205 INFO: !!! DRYRUN !!!
2022-06-28 18:20:12,306 INFO: created path /home/dapu/fs/data/log
2022-06-28 18:20:12,307 INFO: created path /home/dapu/fs/data/igpi
2022-06-28 18:20:12,309 INFO: copy file /media/dapu/380ED1750ED12C9E/Intel/Logs/IntelCpHDCPSvc.log to /home/dapu/fs/data/IntelCpHDCPSvc.log [HASH;d41d8cd98f00b204e9800998ecf8427e]
2022-06-28 18:20:12,316 INFO: copy file /media/dapu/380ED1750ED12C9E/Intel/Logs/IntelCPHS.log to /home/dapu/fs/data/IntelCPHS.log [HASH;d41d8cd98f00b204e9800998ecf8427e]
2022-06-28 18:20:12,324 INFO: copy file /media/dapu/380ED1750ED12C9E/Intel/Logs/IntelGFX.log to /home/dapu/fs/data/IntelGFX.log [HASH;7cea04f679df3fec0a18d982ed97e617]
2022-06-28 18:20:12,333 INFO: copy file /media/dapu/380ED1750ED12C9E/Intel/Logs/IntelGFXCoin.log to /home/dapu/fs/data/IntelGFXCoin.log [HASH;403c2918c3c7113009028a2481dc40db]
2022-06-28 18:20:12,335 INFO: copy file /media/dapu/380ED1750ED12C9E/Intel/Profiles/IntelGraphicsProfiles/Brighten Video.man.igpi to /home/dapu/fs/data/Brighten Video.man.igpi [HASH;1206dbca0b83e4b8d28ea2cb1c8f3e8b]
2022-06-28 18:20:12,337 INFO: copy file /media/dapu/380ED1750ED12C9E/Intel/Profiles/IntelGraphicsProfiles/Darken Video.man.igpi to /home/dapu/fs/data/Darken Video.man.igpi [HASH;426f736f5dae0a2457b56cb803ad00e9]
2022-06-28 18:20:12,338 INFO: copy file /media/dapu/380ED1750ED12C9E/Intel/Profiles/IntelGraphicsProfiles/Enhance Video Colors.man.igpi to /home/dapu/fs/data/Enhance Video Colors.man.igpi [HASH;8a573fc178e23e5ecc553392e51736c5]
2022-06-28 18:20:12,338 INFO: Number of moved/copied files: 7
2022-06-28 18:20:12,338 INFO: !!! DRYRUN !!!
2022-06-28 18:20:12,339 INFO: Stop
2022-06-28 18:22:49,564 INFO: Start
2022-06-28 18:22:49,568 INFO: !!! DRYRUN !!!
2022-06-28 18:22:49,571 INFO: created path /home/dapu/fs/data/log
2022-06-28 18:22:49,571 INFO: created path /home/dapu/fs/data/igpi
2022-06-28 18:22:49,573 INFO: copy file /media/dapu/380ED1750ED12C9E/Intel/Logs/IntelCpHDCPSvc.log to /home/dapu/fs/data/IntelCpHDCPSvc.log [HASH;d41d8cd98f00b204e9800998ecf8427e]
2022-06-28 18:22:49,573 INFO: copy file /media/dapu/380ED1750ED12C9E/Intel/Logs/IntelCPHS.log to /home/dapu/fs/data/IntelCPHS.log [HASH;d41d8cd98f00b204e9800998ecf8427e]
2022-06-28 18:22:49,574 INFO: copy file /media/dapu/380ED1750ED12C9E/Intel/Logs/IntelGFX.log to /home/dapu/fs/data/IntelGFX.log [HASH;7cea04f679df3fec0a18d982ed97e617]
2022-06-28 18:22:49,574 INFO: copy file /media/dapu/380ED1750ED12C9E/Intel/Logs/IntelGFXCoin.log to /home/dapu/fs/data/IntelGFXCoin.log [HASH;403c2918c3c7113009028a2481dc40db]
2022-06-28 18:22:49,575 INFO: copy file /media/dapu/380ED1750ED12C9E/Intel/Profiles/IntelGraphicsProfiles/Brighten Video.man.igpi to /home/dapu/fs/data/Brighten Video.man.igpi [HASH;1206dbca0b83e4b8d28ea2cb1c8f3e8b]
2022-06-28 18:22:49,575 INFO: copy file /media/dapu/380ED1750ED12C9E/Intel/Profiles/IntelGraphicsProfiles/Darken Video.man.igpi to /home/dapu/fs/data/Darken Video.man.igpi [HASH;426f736f5dae0a2457b56cb803ad00e9]
2022-06-28 18:22:49,576 INFO: copy file /media/dapu/380ED1750ED12C9E/Intel/Profiles/IntelGraphicsProfiles/Enhance Video Colors.man.igpi to /home/dapu/fs/data/Enhance Video Colors.man.igpi [HASH;8a573fc178e23e5ecc553392e51736c5]
2022-06-28 18:22:49,576 INFO: Number of moved/copied files: 7
2022-06-28 18:22:49,576 INFO: !!! DRYRUN !!!
2022-06-28 18:22:49,576 INFO: Stop
2022-06-28 18:24:18,385 INFO: Start
2022-06-28 18:24:18,389 INFO: !!! DRYRUN !!!
2022-06-28 18:24:18,395 INFO: created path /home/dapu/fs/data/log
2022-06-28 18:24:18,395 INFO: created path /home/dapu/fs/data/igpi
2022-06-28 18:24:18,397 INFO: copy file /media/dapu/380ED1750ED12C9E/Intel/Logs/IntelCpHDCPSvc.log to /home/dapu/fs/data/IntelCpHDCPSvc.log [HASH;d41d8cd98f00b204e9800998ecf8427e]
2022-06-28 18:24:18,398 INFO: copy file /media/dapu/380ED1750ED12C9E/Intel/Logs/IntelCPHS.log to /home/dapu/fs/data/IntelCPHS.log [HASH;d41d8cd98f00b204e9800998ecf8427e]
2022-06-28 18:24:18,399 INFO: copy file /media/dapu/380ED1750ED12C9E/Intel/Logs/IntelGFX.log to /home/dapu/fs/data/IntelGFX.log [HASH;7cea04f679df3fec0a18d982ed97e617]
2022-06-28 18:24:18,399 INFO: copy file /media/dapu/380ED1750ED12C9E/Intel/Logs/IntelGFXCoin.log to /home/dapu/fs/data/IntelGFXCoin.log [HASH;403c2918c3c7113009028a2481dc40db]
2022-06-28 18:24:18,401 INFO: copy file /media/dapu/380ED1750ED12C9E/Intel/Profiles/IntelGraphicsProfiles/Brighten Video.man.igpi to /home/dapu/fs/data/Brighten Video.man.igpi [HASH;1206dbca0b83e4b8d28ea2cb1c8f3e8b]
2022-06-28 18:24:18,402 INFO: copy file /media/dapu/380ED1750ED12C9E/Intel/Profiles/IntelGraphicsProfiles/Darken Video.man.igpi to /home/dapu/fs/data/Darken Video.man.igpi [HASH;426f736f5dae0a2457b56cb803ad00e9]
2022-06-28 18:24:18,402 INFO: copy file /media/dapu/380ED1750ED12C9E/Intel/Profiles/IntelGraphicsProfiles/Enhance Video Colors.man.igpi to /home/dapu/fs/data/Enhance Video Colors.man.igpi [HASH;8a573fc178e23e5ecc553392e51736c5]
2022-06-28 18:24:18,402 INFO: Number of moved/copied files: 7
2022-06-28 18:24:18,402 INFO: !!! DRYRUN !!!
2022-06-28 18:24:18,402 INFO: Stop
2022-06-28 18:24:33,117 INFO: Start
2022-06-28 18:24:33,121 INFO: !!! DRYRUN !!!
2022-06-28 18:24:33,124 INFO: created path /home/dapu/fs/data/log
2022-06-28 18:24:33,124 INFO: created path /home/dapu/fs/data/igpi
2022-06-28 18:24:33,125 INFO: copy file /media/dapu/380ED1750ED12C9E/Intel/Logs/IntelCpHDCPSvc.log to /home/dapu/fs/data/IntelCpHDCPSvc.log [HASH;d41d8cd98f00b204e9800998ecf8427e]
2022-06-28 18:24:33,126 INFO: copy file /media/dapu/380ED1750ED12C9E/Intel/Logs/IntelCPHS.log to /home/dapu/fs/data/IntelCPHS.log [HASH;d41d8cd98f00b204e9800998ecf8427e]
2022-06-28 18:24:33,126 INFO: copy file /media/dapu/380ED1750ED12C9E/Intel/Logs/IntelGFX.log to /home/dapu/fs/data/IntelGFX.log [HASH;7cea04f679df3fec0a18d982ed97e617]
2022-06-28 18:24:33,126 INFO: copy file /media/dapu/380ED1750ED12C9E/Intel/Logs/IntelGFXCoin.log to /home/dapu/fs/data/IntelGFXCoin.log [HASH;403c2918c3c7113009028a2481dc40db]
2022-06-28 18:24:33,127 INFO: copy file /media/dapu/380ED1750ED12C9E/Intel/Profiles/IntelGraphicsProfiles/Brighten Video.man.igpi to /home/dapu/fs/data/Brighten Video.man.igpi [HASH;1206dbca0b83e4b8d28ea2cb1c8f3e8b]
2022-06-28 18:24:33,127 INFO: copy file /media/dapu/380ED1750ED12C9E/Intel/Profiles/IntelGraphicsProfiles/Darken Video.man.igpi to /home/dapu/fs/data/Darken Video.man.igpi [HASH;426f736f5dae0a2457b56cb803ad00e9]
2022-06-28 18:24:33,128 INFO: copy file /media/dapu/380ED1750ED12C9E/Intel/Profiles/IntelGraphicsProfiles/Enhance Video Colors.man.igpi to /home/dapu/fs/data/Enhance Video Colors.man.igpi [HASH;8a573fc178e23e5ecc553392e51736c5]
2022-06-28 18:24:33,128 INFO: Number of moved/copied files: 7
2022-06-28 18:24:33,128 INFO: !!! DRYRUN !!!
2022-06-28 18:24:33,128 INFO: Stop
2022-06-28 18:24:56,852 INFO: Start
2022-06-28 18:24:56,856 INFO: !!! DRYRUN !!!
2022-06-28 18:24:56,859 INFO: created path /home/dapu/fs/data/log
2022-06-28 18:24:56,859 INFO: created path /home/dapu/fs/data/igpi
2022-06-28 18:24:56,861 INFO: copy file /media/dapu/380ED1750ED12C9E/Intel/Logs/IntelCpHDCPSvc.log to /home/dapu/fs/data/IntelCpHDCPSvc.log [HASH;d41d8cd98f00b204e9800998ecf8427e]
2022-06-28 18:24:56,863 INFO: copy file /media/dapu/380ED1750ED12C9E/Intel/Logs/IntelCPHS.log to /home/dapu/fs/data/IntelCPHS.log [HASH;d41d8cd98f00b204e9800998ecf8427e]
2022-06-28 18:24:56,863 INFO: copy file /media/dapu/380ED1750ED12C9E/Intel/Logs/IntelGFX.log to /home/dapu/fs/data/IntelGFX.log [HASH;7cea04f679df3fec0a18d982ed97e617]
2022-06-28 18:24:56,864 INFO: copy file /media/dapu/380ED1750ED12C9E/Intel/Logs/IntelGFXCoin.log to /home/dapu/fs/data/IntelGFXCoin.log [HASH;403c2918c3c7113009028a2481dc40db]
2022-06-28 18:24:56,864 INFO: copy file /media/dapu/380ED1750ED12C9E/Intel/Profiles/IntelGraphicsProfiles/Brighten Video.man.igpi to /home/dapu/fs/data/Brighten Video.man.igpi [HASH;1206dbca0b83e4b8d28ea2cb1c8f3e8b]
2022-06-28 18:24:56,865 INFO: copy file /media/dapu/380ED1750ED12C9E/Intel/Profiles/IntelGraphicsProfiles/Darken Video.man.igpi to /home/dapu/fs/data/Darken Video.man.igpi [HASH;426f736f5dae0a2457b56cb803ad00e9]
2022-06-28 18:24:56,866 INFO: copy file /media/dapu/380ED1750ED12C9E/Intel/Profiles/IntelGraphicsProfiles/Enhance Video Colors.man.igpi to /home/dapu/fs/data/Enhance Video Colors.man.igpi [HASH;8a573fc178e23e5ecc553392e51736c5]
2022-06-28 18:24:56,866 INFO: Number of moved/copied files: 7
2022-06-28 18:24:56,866 INFO: !!! DRYRUN !!!
2022-06-28 18:24:56,866 INFO: Stop
2022-06-28 18:43:49,721 INFO: Start
2022-06-28 18:43:49,727 INFO: !!! DRYRUN !!!
2022-06-28 18:43:49,730 INFO: created path /home/dapu/fs/data/log
2022-06-28 18:43:49,730 INFO: created path /home/dapu/fs/data/igpi
2022-06-28 18:43:49,731 INFO: copy file /media/dapu/380ED1750ED12C9E/Intel/Logs/IntelCpHDCPSvc.log to /home/dapu/fs/data/IntelCpHDCPSvc.log [HASH;d41d8cd98f00b204e9800998ecf8427e]
2022-06-28 18:43:49,732 INFO: copy file /media/dapu/380ED1750ED12C9E/Intel/Logs/IntelCPHS.log to /home/dapu/fs/data/IntelCPHS.log [HASH;d41d8cd98f00b204e9800998ecf8427e]
2022-06-28 18:43:49,732 INFO: copy file /media/dapu/380ED1750ED12C9E/Intel/Logs/IntelGFX.log to /home/dapu/fs/data/IntelGFX.log [HASH;7cea04f679df3fec0a18d982ed97e617]
2022-06-28 18:43:49,733 INFO: copy file /media/dapu/380ED1750ED12C9E/Intel/Logs/IntelGFXCoin.log to /home/dapu/fs/data/IntelGFXCoin.log [HASH;403c2918c3c7113009028a2481dc40db]
2022-06-28 18:43:49,734 INFO: copy file /media/dapu/380ED1750ED12C9E/Intel/Profiles/IntelGraphicsProfiles/Brighten Video.man.igpi to /home/dapu/fs/data/Brighten Video.man.igpi [HASH;1206dbca0b83e4b8d28ea2cb1c8f3e8b]
2022-06-28 18:43:49,734 INFO: copy file /media/dapu/380ED1750ED12C9E/Intel/Profiles/IntelGraphicsProfiles/Darken Video.man.igpi to /home/dapu/fs/data/Darken Video.man.igpi [HASH;426f736f5dae0a2457b56cb803ad00e9]
2022-06-28 18:43:49,734 INFO: copy file /media/dapu/380ED1750ED12C9E/Intel/Profiles/IntelGraphicsProfiles/Enhance Video Colors.man.igpi to /home/dapu/fs/data/Enhance Video Colors.man.igpi [HASH;8a573fc178e23e5ecc553392e51736c5]
2022-06-28 18:43:49,734 INFO: Number of moved/copied files: 7
2022-06-28 18:43:49,735 INFO: !!! DRYRUN !!!
2022-06-28 18:43:49,735 INFO: Stop
2022-06-28 18:46:55,907 INFO: Start
2022-06-28 18:46:55,911 INFO: !!! DRYRUN !!!
2022-06-28 18:46:55,915 INFO: created path /home/dapu/fs/data/log
2022-06-28 18:46:55,915 INFO: created path /home/dapu/fs/data/igpi
2022-06-28 18:46:55,917 INFO: copy file /media/dapu/380ED1750ED12C9E/Intel/Logs/IntelCpHDCPSvc.log to /home/dapu/fs/data/IntelCpHDCPSvc.log [HASH;d41d8cd98f00b204e9800998ecf8427e]
2022-06-28 18:46:55,917 INFO: copy file /media/dapu/380ED1750ED12C9E/Intel/Logs/IntelCPHS.log to /home/dapu/fs/data/IntelCPHS.log [HASH;d41d8cd98f00b204e9800998ecf8427e]
2022-06-28 18:46:55,918 INFO: copy file /media/dapu/380ED1750ED12C9E/Intel/Logs/IntelGFX.log to /home/dapu/fs/data/IntelGFX.log [HASH;7cea04f679df3fec0a18d982ed97e617]
2022-06-28 18:46:55,919 INFO: copy file /media/dapu/380ED1750ED12C9E/Intel/Logs/IntelGFXCoin.log to /home/dapu/fs/data/IntelGFXCoin.log [HASH;403c2918c3c7113009028a2481dc40db]
2022-06-28 18:46:55,919 INFO: copy file /media/dapu/380ED1750ED12C9E/Intel/Profiles/IntelGraphicsProfiles/Brighten Video.man.igpi to /home/dapu/fs/data/Brighten Video.man.igpi [HASH;1206dbca0b83e4b8d28ea2cb1c8f3e8b]
2022-06-28 18:46:55,920 INFO: copy file /media/dapu/380ED1750ED12C9E/Intel/Profiles/IntelGraphicsProfiles/Darken Video.man.igpi to /home/dapu/fs/data/Darken Video.man.igpi [HASH;426f736f5dae0a2457b56cb803ad00e9]
2022-06-28 18:46:55,921 INFO: copy file /media/dapu/380ED1750ED12C9E/Intel/Profiles/IntelGraphicsProfiles/Enhance Video Colors.man.igpi to /home/dapu/fs/data/Enhance Video Colors.man.igpi [HASH;8a573fc178e23e5ecc553392e51736c5]
2022-06-28 18:46:55,924 INFO: Number of moved/copied files: 7
2022-06-28 18:46:55,924 INFO: !!! DRYRUN !!!
2022-06-28 18:46:55,924 INFO: Stop
2022-06-28 18:47:04,550 INFO: Start
2022-06-28 18:47:04,558 INFO: !!! DRYRUN !!!
2022-06-28 18:47:04,563 INFO: created path /home/dapu/fs/data/log
2022-06-28 18:47:04,564 INFO: created path /home/dapu/fs/data/igpi
2022-06-28 18:47:04,566 INFO: copy file /media/dapu/380ED1750ED12C9E/Intel/Logs/IntelCpHDCPSvc.log to /home/dapu/fs/data/IntelCpHDCPSvc.log [HASH;d41d8cd98f00b204e9800998ecf8427e]
2022-06-28 18:47:04,567 INFO: copy file /media/dapu/380ED1750ED12C9E/Intel/Logs/IntelCPHS.log to /home/dapu/fs/data/IntelCPHS.log [HASH;d41d8cd98f00b204e9800998ecf8427e]
2022-06-28 18:47:04,568 INFO: copy file /media/dapu/380ED1750ED12C9E/Intel/Logs/IntelGFX.log to /home/dapu/fs/data/IntelGFX.log [HASH;7cea04f679df3fec0a18d982ed97e617]
2022-06-28 18:47:04,569 INFO: copy file /media/dapu/380ED1750ED12C9E/Intel/Logs/IntelGFXCoin.log to /home/dapu/fs/data/IntelGFXCoin.log [HASH;403c2918c3c7113009028a2481dc40db]
2022-06-28 18:47:04,571 INFO: copy file /media/dapu/380ED1750ED12C9E/Intel/Profiles/IntelGraphicsProfiles/Brighten Video.man.igpi to /home/dapu/fs/data/Brighten Video.man.igpi [HASH;1206dbca0b83e4b8d28ea2cb1c8f3e8b]
2022-06-28 18:47:04,572 INFO: copy file /media/dapu/380ED1750ED12C9E/Intel/Profiles/IntelGraphicsProfiles/Darken Video.man.igpi to /home/dapu/fs/data/Darken Video.man.igpi [HASH;426f736f5dae0a2457b56cb803ad00e9]
2022-06-28 18:47:04,573 INFO: copy file /media/dapu/380ED1750ED12C9E/Intel/Profiles/IntelGraphicsProfiles/Enhance Video Colors.man.igpi to /home/dapu/fs/data/Enhance Video Colors.man.igpi [HASH;8a573fc178e23e5ecc553392e51736c5]
2022-06-28 18:47:04,573 INFO: Number of moved/copied files: 7
2022-06-28 18:47:04,573 INFO: !!! DRYRUN !!!
2022-06-28 18:47:04,573 INFO: Stop
2022-06-28 18:47:19,109 INFO: Start
2022-06-28 18:53:23,004 INFO: Start
2022-06-28 18:53:23,010 INFO: !!! DRYRUN !!!
2022-06-28 18:53:23,016 INFO: created path /home/dapu/fs/data/log
2022-06-28 18:53:23,016 INFO: created path /home/dapu/fs/data/igpi
2022-06-28 18:53:23,020 INFO: copy file /media/dapu/380ED1750ED12C9E/Intel/Logs/IntelCpHDCPSvc.log to /home/dapu/fs/data/IntelCpHDCPSvc.log [HASH;d41d8cd98f00b204e9800998ecf8427e]
2022-06-28 18:53:23,020 INFO: copy file /media/dapu/380ED1750ED12C9E/Intel/Logs/IntelCPHS.log to /home/dapu/fs/data/IntelCPHS.log [HASH;d41d8cd98f00b204e9800998ecf8427e]
2022-06-28 18:53:23,026 INFO: copy file /media/dapu/380ED1750ED12C9E/Intel/Logs/IntelGFX.log to /home/dapu/fs/data/IntelGFX.log [HASH;7cea04f679df3fec0a18d982ed97e617]
2022-06-28 18:53:23,028 INFO: copy file /media/dapu/380ED1750ED12C9E/Intel/Logs/IntelGFXCoin.log to /home/dapu/fs/data/IntelGFXCoin.log [HASH;403c2918c3c7113009028a2481dc40db]
2022-06-28 18:53:23,029 INFO: copy file /media/dapu/380ED1750ED12C9E/Intel/Profiles/IntelGraphicsProfiles/Brighten Video.man.igpi to /home/dapu/fs/data/Brighten Video.man.igpi [HASH;1206dbca0b83e4b8d28ea2cb1c8f3e8b]
2022-06-28 18:53:23,030 INFO: copy file /media/dapu/380ED1750ED12C9E/Intel/Profiles/IntelGraphicsProfiles/Darken Video.man.igpi to /home/dapu/fs/data/Darken Video.man.igpi [HASH;426f736f5dae0a2457b56cb803ad00e9]
2022-06-28 18:53:23,032 INFO: copy file /media/dapu/380ED1750ED12C9E/Intel/Profiles/IntelGraphicsProfiles/Enhance Video Colors.man.igpi to /home/dapu/fs/data/Enhance Video Colors.man.igpi [HASH;8a573fc178e23e5ecc553392e51736c5]
2022-06-28 18:53:23,032 INFO: Number of moved/copied files: 7
2022-06-28 18:53:23,032 INFO: !!! DRYRUN !!!
2022-06-28 18:53:23,032 INFO: Stop
2022-06-28 18:54:22,881 INFO: Start
2022-06-28 18:54:22,885 INFO: !!! DRYRUN !!!
2022-06-28 18:54:22,888 INFO: created path /home/dapu/fs/data/log
2022-06-28 18:54:22,888 INFO: created path /home/dapu/fs/data/igpi
2022-06-28 18:54:22,893 INFO: copy file /media/dapu/380ED1750ED12C9E/Intel/Logs/IntelCpHDCPSvc.log to /home/dapu/fs/data/IntelCpHDCPSvc.log [HASH;d41d8cd98f00b204e9800998ecf8427e]
2022-06-28 18:54:22,894 INFO: copy file /media/dapu/380ED1750ED12C9E/Intel/Logs/IntelCPHS.log to /home/dapu/fs/data/IntelCPHS.log [HASH;d41d8cd98f00b204e9800998ecf8427e]
2022-06-28 18:54:22,895 INFO: copy file /media/dapu/380ED1750ED12C9E/Intel/Logs/IntelGFX.log to /home/dapu/fs/data/IntelGFX.log [HASH;7cea04f679df3fec0a18d982ed97e617]
2022-06-28 18:54:22,895 INFO: copy file /media/dapu/380ED1750ED12C9E/Intel/Logs/IntelGFXCoin.log to /home/dapu/fs/data/IntelGFXCoin.log [HASH;403c2918c3c7113009028a2481dc40db]
2022-06-28 18:54:22,896 INFO: copy file /media/dapu/380ED1750ED12C9E/Intel/Profiles/IntelGraphicsProfiles/Brighten Video.man.igpi to /home/dapu/fs/data/Brighten Video.man.igpi [HASH;1206dbca0b83e4b8d28ea2cb1c8f3e8b]
2022-06-28 18:54:22,897 INFO: copy file /media/dapu/380ED1750ED12C9E/Intel/Profiles/IntelGraphicsProfiles/Darken Video.man.igpi to /home/dapu/fs/data/Darken Video.man.igpi [HASH;426f736f5dae0a2457b56cb803ad00e9]
2022-06-28 18:54:22,897 INFO: copy file /media/dapu/380ED1750ED12C9E/Intel/Profiles/IntelGraphicsProfiles/Enhance Video Colors.man.igpi to /home/dapu/fs/data/Enhance Video Colors.man.igpi [HASH;8a573fc178e23e5ecc553392e51736c5]
2022-06-28 18:54:22,897 INFO: Number of moved/copied files: 7
2022-06-28 18:54:22,897 INFO: !!! DRYRUN !!!
2022-06-28 18:54:22,898 INFO: Stop
2022-06-28 18:54:49,536 INFO: Start
2022-06-28 18:54:49,541 INFO: !!! DRYRUN !!!
2022-06-28 18:54:49,544 INFO: created path /home/dapu/fs/data/log
2022-06-28 18:54:49,544 INFO: created path /home/dapu/fs/data/igpi
2022-06-28 18:54:49,546 INFO: copy/moved file /media/dapu/380ED1750ED12C9E/Intel/Logs/IntelCpHDCPSvc.log to /home/dapu/fs/data/IntelCpHDCPSvc.log [HASH;d41d8cd98f00b204e9800998ecf8427e]
2022-06-28 18:54:49,546 INFO: copy/moved file /media/dapu/380ED1750ED12C9E/Intel/Logs/IntelCPHS.log to /home/dapu/fs/data/IntelCPHS.log [HASH;d41d8cd98f00b204e9800998ecf8427e]
2022-06-28 18:54:49,547 INFO: copy/moved file /media/dapu/380ED1750ED12C9E/Intel/Logs/IntelGFX.log to /home/dapu/fs/data/IntelGFX.log [HASH;7cea04f679df3fec0a18d982ed97e617]
2022-06-28 18:54:49,548 INFO: copy/moved file /media/dapu/380ED1750ED12C9E/Intel/Logs/IntelGFXCoin.log to /home/dapu/fs/data/IntelGFXCoin.log [HASH;403c2918c3c7113009028a2481dc40db]
2022-06-28 18:54:49,549 INFO: copy/moved file /media/dapu/380ED1750ED12C9E/Intel/Profiles/IntelGraphicsProfiles/Brighten Video.man.igpi to /home/dapu/fs/data/Brighten Video.man.igpi [HASH;1206dbca0b83e4b8d28ea2cb1c8f3e8b]
2022-06-28 18:54:49,549 INFO: copy/moved file /media/dapu/380ED1750ED12C9E/Intel/Profiles/IntelGraphicsProfiles/Darken Video.man.igpi to /home/dapu/fs/data/Darken Video.man.igpi [HASH;426f736f5dae0a2457b56cb803ad00e9]
2022-06-28 18:54:49,549 INFO: copy/moved file /media/dapu/380ED1750ED12C9E/Intel/Profiles/IntelGraphicsProfiles/Enhance Video Colors.man.igpi to /home/dapu/fs/data/Enhance Video Colors.man.igpi [HASH;8a573fc178e23e5ecc553392e51736c5]
2022-06-28 18:54:49,550 INFO: Number of moved/copied files: 7
2022-06-28 18:54:49,550 INFO: !!! DRYRUN !!!
2022-06-28 18:54:49,550 INFO: Stop
2022-06-28 18:54:55,664 INFO: Start
2022-06-28 18:54:55,669 INFO: !!! DRYRUN !!!
2022-06-28 18:54:55,672 INFO: created path /home/dapu/fs/data/log
2022-06-28 18:54:55,672 INFO: created path /home/dapu/fs/data/igpi
2022-06-28 18:54:55,674 INFO: copy/moved file /media/dapu/380ED1750ED12C9E/Intel/Logs/IntelCpHDCPSvc.log to /home/dapu/fs/data/IntelCpHDCPSvc.log [HASH;d41d8cd98f00b204e9800998ecf8427e]
2022-06-28 18:54:55,674 INFO: copy/moved file /media/dapu/380ED1750ED12C9E/Intel/Logs/IntelCPHS.log to /home/dapu/fs/data/IntelCPHS.log [HASH;d41d8cd98f00b204e9800998ecf8427e]
2022-06-28 18:54:55,675 INFO: copy/moved file /media/dapu/380ED1750ED12C9E/Intel/Logs/IntelGFX.log to /home/dapu/fs/data/IntelGFX.log [HASH;7cea04f679df3fec0a18d982ed97e617]
2022-06-28 18:54:55,675 INFO: copy/moved file /media/dapu/380ED1750ED12C9E/Intel/Logs/IntelGFXCoin.log to /home/dapu/fs/data/IntelGFXCoin.log [HASH;403c2918c3c7113009028a2481dc40db]
2022-06-28 18:54:55,676 INFO: copy/moved file /media/dapu/380ED1750ED12C9E/Intel/Profiles/IntelGraphicsProfiles/Brighten Video.man.igpi to /home/dapu/fs/data/Brighten Video.man.igpi [HASH;1206dbca0b83e4b8d28ea2cb1c8f3e8b]
2022-06-28 18:54:55,677 INFO: copy/moved file /media/dapu/380ED1750ED12C9E/Intel/Profiles/IntelGraphicsProfiles/Darken Video.man.igpi to /home/dapu/fs/data/Darken Video.man.igpi [HASH;426f736f5dae0a2457b56cb803ad00e9]
2022-06-28 18:54:55,677 INFO: copy/moved file /media/dapu/380ED1750ED12C9E/Intel/Profiles/IntelGraphicsProfiles/Enhance Video Colors.man.igpi to /home/dapu/fs/data/Enhance Video Colors.man.igpi [HASH;8a573fc178e23e5ecc553392e51736c5]
2022-06-28 18:54:55,677 INFO: Number of moved/copied files: 7
2022-06-28 18:54:55,677 INFO: !!! DRYRUN !!!
2022-06-28 18:54:55,678 INFO: Stop
2022-06-28 18:55:01,750 INFO: Start
2022-06-28 18:55:01,755 INFO: !!! DRYRUN !!!
2022-06-28 18:55:01,760 INFO: created path /home/dapu/fs/data/log
2022-06-28 18:55:01,761 INFO: created path /home/dapu/fs/data/igpi
2022-06-28 18:55:01,762 INFO: copy/moved file /media/dapu/380ED1750ED12C9E/Intel/Logs/IntelCpHDCPSvc.log to /home/dapu/fs/data/IntelCpHDCPSvc.log [HASH;d41d8cd98f00b204e9800998ecf8427e]
2022-06-28 18:55:01,763 INFO: copy/moved file /media/dapu/380ED1750ED12C9E/Intel/Logs/IntelCPHS.log to /home/dapu/fs/data/IntelCPHS.log [HASH;d41d8cd98f00b204e9800998ecf8427e]
2022-06-28 18:55:01,764 INFO: copy/moved file /media/dapu/380ED1750ED12C9E/Intel/Logs/IntelGFX.log to /home/dapu/fs/data/IntelGFX.log [HASH;7cea04f679df3fec0a18d982ed97e617]
2022-06-28 18:55:01,764 INFO: copy/moved file /media/dapu/380ED1750ED12C9E/Intel/Logs/IntelGFXCoin.log to /home/dapu/fs/data/IntelGFXCoin.log [HASH;403c2918c3c7113009028a2481dc40db]
2022-06-28 18:55:01,765 INFO: copy/moved file /media/dapu/380ED1750ED12C9E/Intel/Profiles/IntelGraphicsProfiles/Brighten Video.man.igpi to /home/dapu/fs/data/Brighten Video.man.igpi [HASH;1206dbca0b83e4b8d28ea2cb1c8f3e8b]
2022-06-28 18:55:01,765 INFO: copy/moved file /media/dapu/380ED1750ED12C9E/Intel/Profiles/IntelGraphicsProfiles/Darken Video.man.igpi to /home/dapu/fs/data/Darken Video.man.igpi [HASH;426f736f5dae0a2457b56cb803ad00e9]
2022-06-28 18:55:01,766 INFO: copy/moved file /media/dapu/380ED1750ED12C9E/Intel/Profiles/IntelGraphicsProfiles/Enhance Video Colors.man.igpi to /home/dapu/fs/data/Enhance Video Colors.man.igpi [HASH;8a573fc178e23e5ecc553392e51736c5]
2022-06-28 18:55:01,766 INFO: Number of moved/copied files: 7
2022-06-28 18:55:01,766 INFO: !!! DRYRUN !!!
2022-06-28 18:55:01,766 INFO: Stop
2022-06-28 18:55:12,795 INFO: Start
2022-06-28 18:55:12,800 INFO: !!! DRYRUN !!!
2022-06-28 18:55:12,805 INFO: created path /home/dapu/fs/data/log
2022-06-28 18:55:12,805 INFO: created path /home/dapu/fs/data/igpi
2022-06-28 18:55:12,807 INFO: copy/moved file /media/dapu/380ED1750ED12C9E/Intel/Logs/IntelCpHDCPSvc.log to /home/dapu/fs/data/IntelCpHDCPSvc.log [HASH;d41d8cd98f00b204e9800998ecf8427e]
2022-06-28 18:55:12,807 INFO: copy/moved file /media/dapu/380ED1750ED12C9E/Intel/Logs/IntelCPHS.log to /home/dapu/fs/data/IntelCPHS.log [HASH;d41d8cd98f00b204e9800998ecf8427e]
2022-06-28 18:55:12,808 INFO: copy/moved file /media/dapu/380ED1750ED12C9E/Intel/Logs/IntelGFX.log to /home/dapu/fs/data/IntelGFX.log [HASH;7cea04f679df3fec0a18d982ed97e617]
2022-06-28 18:55:12,808 INFO: copy/moved file /media/dapu/380ED1750ED12C9E/Intel/Logs/IntelGFXCoin.log to /home/dapu/fs/data/IntelGFXCoin.log [HASH;403c2918c3c7113009028a2481dc40db]
2022-06-28 18:55:12,809 INFO: copy/moved file /media/dapu/380ED1750ED12C9E/Intel/Profiles/IntelGraphicsProfiles/Brighten Video.man.igpi to /home/dapu/fs/data/Brighten Video.man.igpi [HASH;1206dbca0b83e4b8d28ea2cb1c8f3e8b]
2022-06-28 18:55:12,809 INFO: copy/moved file /media/dapu/380ED1750ED12C9E/Intel/Profiles/IntelGraphicsProfiles/Darken Video.man.igpi to /home/dapu/fs/data/Darken Video.man.igpi [HASH;426f736f5dae0a2457b56cb803ad00e9]
2022-06-28 18:55:12,809 INFO: copy/moved file /media/dapu/380ED1750ED12C9E/Intel/Profiles/IntelGraphicsProfiles/Enhance Video Colors.man.igpi to /home/dapu/fs/data/Enhance Video Colors.man.igpi [HASH;8a573fc178e23e5ecc553392e51736c5]
2022-06-28 18:55:12,809 INFO: Number of moved/copied files: 7
2022-06-28 18:55:12,809 INFO: !!! DRYRUN !!!
2022-06-28 18:55:12,810 INFO: Stop
2022-06-28 18:55:23,046 INFO: Start
2022-06-28 18:55:23,055 INFO: created path /home/dapu/fs/data/log
2022-06-28 18:55:23,055 INFO: created path /home/dapu/fs/data/igpi
2022-06-28 18:55:23,061 INFO: copy/moved file /media/dapu/380ED1750ED12C9E/Intel/Logs/IntelCpHDCPSvc.log to /home/dapu/fs/data/IntelCpHDCPSvc.log [HASH;d41d8cd98f00b204e9800998ecf8427e]
2022-06-28 18:55:23,062 INFO: copy/moved file /media/dapu/380ED1750ED12C9E/Intel/Logs/IntelCPHS.log to /home/dapu/fs/data/IntelCPHS.log [HASH;d41d8cd98f00b204e9800998ecf8427e]
2022-06-28 18:55:23,064 INFO: copy/moved file /media/dapu/380ED1750ED12C9E/Intel/Logs/IntelGFX.log to /home/dapu/fs/data/IntelGFX.log [HASH;7cea04f679df3fec0a18d982ed97e617]
2022-06-28 18:55:23,066 INFO: copy/moved file /media/dapu/380ED1750ED12C9E/Intel/Logs/IntelGFXCoin.log to /home/dapu/fs/data/IntelGFXCoin.log [HASH;403c2918c3c7113009028a2481dc40db]
2022-06-28 18:55:23,069 INFO: copy/moved file /media/dapu/380ED1750ED12C9E/Intel/Profiles/IntelGraphicsProfiles/Brighten Video.man.igpi to /home/dapu/fs/data/Brighten Video.man.igpi [HASH;1206dbca0b83e4b8d28ea2cb1c8f3e8b]
2022-06-28 18:55:23,070 INFO: copy/moved file /media/dapu/380ED1750ED12C9E/Intel/Profiles/IntelGraphicsProfiles/Darken Video.man.igpi to /home/dapu/fs/data/Darken Video.man.igpi [HASH;426f736f5dae0a2457b56cb803ad00e9]
2022-06-28 18:55:23,072 INFO: copy/moved file /media/dapu/380ED1750ED12C9E/Intel/Profiles/IntelGraphicsProfiles/Enhance Video Colors.man.igpi to /home/dapu/fs/data/Enhance Video Colors.man.igpi [HASH;8a573fc178e23e5ecc553392e51736c5]
2022-06-28 18:55:23,072 INFO: Number of moved/copied files: 7
2022-06-28 18:55:23,072 INFO: Stop
2022-06-28 18:56:01,229 INFO: Start
2022-06-28 18:56:01,234 INFO: !!! DRYRUN !!!
2022-06-28 18:56:01,237 INFO: created path /home/dapu/fs/data/log
2022-06-28 18:56:01,237 INFO: created path /home/dapu/fs/data/igpi
2022-06-28 18:56:01,238 INFO: copy/moved file /media/dapu/380ED1750ED12C9E/Intel/Logs/IntelCpHDCPSvc.log to /home/dapu/fs/data/IntelCpHDCPSvc.log [HASH;d41d8cd98f00b204e9800998ecf8427e]
2022-06-28 18:56:01,239 INFO: copy/moved file /media/dapu/380ED1750ED12C9E/Intel/Logs/IntelCPHS.log to /home/dapu/fs/data/IntelCPHS.log [HASH;d41d8cd98f00b204e9800998ecf8427e]
2022-06-28 18:56:01,239 INFO: copy/moved file /media/dapu/380ED1750ED12C9E/Intel/Logs/IntelGFX.log to /home/dapu/fs/data/IntelGFX.log [HASH;7cea04f679df3fec0a18d982ed97e617]
2022-06-28 18:56:01,240 INFO: copy/moved file /media/dapu/380ED1750ED12C9E/Intel/Logs/IntelGFXCoin.log to /home/dapu/fs/data/IntelGFXCoin.log [HASH;403c2918c3c7113009028a2481dc40db]
2022-06-28 18:56:01,240 INFO: copy/moved file /media/dapu/380ED1750ED12C9E/Intel/Profiles/IntelGraphicsProfiles/Brighten Video.man.igpi to /home/dapu/fs/data/Brighten Video.man.igpi [HASH;1206dbca0b83e4b8d28ea2cb1c8f3e8b]
2022-06-28 18:56:01,241 INFO: copy/moved file /media/dapu/380ED1750ED12C9E/Intel/Profiles/IntelGraphicsProfiles/Darken Video.man.igpi to /home/dapu/fs/data/Darken Video.man.igpi [HASH;426f736f5dae0a2457b56cb803ad00e9]
2022-06-28 18:56:01,241 INFO: copy/moved file /media/dapu/380ED1750ED12C9E/Intel/Profiles/IntelGraphicsProfiles/Enhance Video Colors.man.igpi to /home/dapu/fs/data/Enhance Video Colors.man.igpi [HASH;8a573fc178e23e5ecc553392e51736c5]
2022-06-28 18:56:01,241 INFO: Number of moved/copied files: 7
2022-06-28 18:56:01,241 INFO: !!! DRYRUN !!!
2022-06-28 18:56:01,241 INFO: Stop
2022-06-28 18:56:11,923 INFO: Start
2022-06-28 18:56:11,931 INFO: created path /home/dapu/fs/data/log
2022-06-28 18:56:11,931 INFO: created path /home/dapu/fs/data/igpi
2022-06-28 18:56:11,934 INFO: copy/moved file /media/dapu/380ED1750ED12C9E/Intel/Logs/IntelCpHDCPSvc.log to /home/dapu/fs/data/IntelCpHDCPSvc.log [HASH;d41d8cd98f00b204e9800998ecf8427e]
2022-06-28 18:56:11,935 INFO: copy/moved file /media/dapu/380ED1750ED12C9E/Intel/Logs/IntelCPHS.log to /home/dapu/fs/data/IntelCPHS.log [HASH;d41d8cd98f00b204e9800998ecf8427e]
2022-06-28 18:56:11,936 INFO: copy/moved file /media/dapu/380ED1750ED12C9E/Intel/Logs/IntelGFX.log to /home/dapu/fs/data/IntelGFX.log [HASH;7cea04f679df3fec0a18d982ed97e617]
2022-06-28 18:56:11,943 INFO: copy/moved file /media/dapu/380ED1750ED12C9E/Intel/Logs/IntelGFXCoin.log to /home/dapu/fs/data/IntelGFXCoin.log [HASH;403c2918c3c7113009028a2481dc40db]
2022-06-28 18:56:11,945 INFO: copy/moved file /media/dapu/380ED1750ED12C9E/Intel/Profiles/IntelGraphicsProfiles/Brighten Video.man.igpi to /home/dapu/fs/data/Brighten Video.man.igpi [HASH;1206dbca0b83e4b8d28ea2cb1c8f3e8b]
2022-06-28 18:56:11,947 INFO: copy/moved file /media/dapu/380ED1750ED12C9E/Intel/Profiles/IntelGraphicsProfiles/Darken Video.man.igpi to /home/dapu/fs/data/Darken Video.man.igpi [HASH;426f736f5dae0a2457b56cb803ad00e9]
2022-06-28 18:56:11,948 INFO: copy/moved file /media/dapu/380ED1750ED12C9E/Intel/Profiles/IntelGraphicsProfiles/Enhance Video Colors.man.igpi to /home/dapu/fs/data/Enhance Video Colors.man.igpi [HASH;8a573fc178e23e5ecc553392e51736c5]
2022-06-28 18:56:11,948 INFO: Number of moved/copied files: 7
2022-06-28 18:56:11,948 INFO: Stop
